0 info it worked if it ends with ok
1 verbose cli [ 'C:\\Program Files\\nodejs\\node.exe',
1 verbose cli   'C:\\Program Files\\nodejs\\node_modules\\npm\\bin\\npm-cli.js',
1 verbose cli   'start' ]
2 info using npm@3.10.6
3 info using node@v6.4.0
4 verbose run-script [ 'prestart', 'start', 'poststart' ]
5 info lifecycle online-rtp-downloader@0.0.1~prestart: online-rtp-downloader@0.0.1
6 silly lifecycle online-rtp-downloader@0.0.1~prestart: no script for prestart, continuing
7 info lifecycle online-rtp-downloader@0.0.1~start: online-rtp-downloader@0.0.1
8 verbose lifecycle online-rtp-downloader@0.0.1~start: unsafe-perm in lifecycle true
9 verbose lifecycle online-rtp-downloader@0.0.1~start: PATH: C:\Program Files\nodejs\node_modules\npm\bin\node-gyp-bin;C:\Users\antonio\Documents\0NodePlayGround\onlineRTPdownloader\node_modules\.bin;C:\Program Files\Java\jdk1.8.0_65\bin;C:\ProgramData\Oracle\Java\javapath;C:\Program Files (x86)\Lenovo\FusionEngine;C:\Program Files (x86)\Intel\TXE Components\TCS\;C:\Program Files\Intel\TXE Components\TCS\;C:\windows\system32;C:\windows;C:\windows\System32\Wbem;C:\windows\System32\WindowsPowerShell\v1.0\;C:\Program Files\Intel\WiFi\bin\;C:\Program Files\Common Files\Intel\WirelessCommon\;C:\Program Files (x86)\Windows Kits\8.1\Windows Performance Toolkit\;C:\Program Files\Microsoft SQL Server\110\Tools\Binn\;C:\Program Files (x86)\Microsoft SDKs\TypeScript\1.0\;C:\Program Files\Calibre2\;C:\Program Files (x86)\MySQL\MySQL Fabric 1.5 ^& MySQL Utilities 1.5\;C:\Program Files (x86)\MySQL\MySQL Fabric 1.5 ^& MySQL Utilities 1.5\Doctrine extensions for PHP\;C:\Program Files (x86)\Common Files\lenovo\easyplussdk\bin;C:\Program Files (x86)\Skype\Phone\;C:\Program Files\Git\cmd;C:\Users\antonio\Documents\Selenium;C:\Program Files\Microsoft SQL Server\120\Tools\Binn\;C:\Users\antonio\GnuWin32\bin\;C:\Program Files (x86)\Brackets\command;C:\Program Files (x86)\Heroku\bin;C:\Program Files (x86)\git\cmd;C:\Program Files (x86)\Git\cmd;C:\Program Files\Tint\;C:\Program Files\nodejs\;C:\Program Files\Sublime Text 3;C:\Program Files (x86)\Notepad++;C:\Program Files (x86)\Windows Live\Shared;C:\Users\antonio\Anaconda3;C:\Users\antonio\Anaconda3\Scripts;C:\Users\antonio\Anaconda3\Library\bin;C:\Ruby23-x64\bin;C:\Users\antonio\AppData\Local\.meteor\;C:\Program Files (x86)\Microsoft VS Code\bin;C:\Users\antonio\emacs\bin;C:\Program Files (x86)\Brackets;C:\Users\antonio\AppData\Roaming\npm;C:\Program Files\7-Zip;C:\Users\antonio\PythonScripts
10 verbose lifecycle online-rtp-downloader@0.0.1~start: CWD: C:\Users\antonio\Documents\0NodePlayGround\onlineRTPdownloader
11 silly lifecycle online-rtp-downloader@0.0.1~start: Args: [ '/d /s /c', 'node index.js' ]
12 silly lifecycle online-rtp-downloader@0.0.1~start: Returned: code: 1  signal: null
13 info lifecycle online-rtp-downloader@0.0.1~start: Failed to exec start script
14 verbose stack Error: online-rtp-downloader@0.0.1 start: `node index.js`
14 verbose stack Exit status 1
14 verbose stack     at EventEmitter.<anonymous> (C:\Program Files\nodejs\node_modules\npm\lib\utils\lifecycle.js:255:16)
14 verbose stack     at emitTwo (events.js:106:13)
14 verbose stack     at EventEmitter.emit (events.js:191:7)
14 verbose stack     at ChildProcess.<anonymous> (C:\Program Files\nodejs\node_modules\npm\lib\utils\spawn.js:40:14)
14 verbose stack     at emitTwo (events.js:106:13)
14 verbose stack     at ChildProcess.emit (events.js:191:7)
14 verbose stack     at maybeClose (internal/child_process.js:852:16)
14 verbose stack     at Process.ChildProcess._handle.onexit (internal/child_process.js:215:5)
15 verbose pkgid online-rtp-downloader@0.0.1
16 verbose cwd C:\Users\antonio\Documents\0NodePlayGround\onlineRTPdownloader
17 error Windows_NT 6.3.9600
18 error argv "C:\\Program Files\\nodejs\\node.exe" "C:\\Program Files\\nodejs\\node_modules\\npm\\bin\\npm-cli.js" "start"
19 error node v6.4.0
20 error npm  v3.10.6
21 error code ELIFECYCLE
22 error online-rtp-downloader@0.0.1 start: `node index.js`
22 error Exit status 1
23 error Failed at the online-rtp-downloader@0.0.1 start script 'node index.js'.
23 error Make sure you have the latest version of node.js and npm installed.
23 error If you do, this is most likely a problem with the online-rtp-downloader package,
23 error not with npm itself.
23 error Tell the author that this fails on your system:
23 error     node index.js
23 error You can get information on how to open an issue for this project with:
23 error     npm bugs online-rtp-downloader
23 error Or if that isn't available, you can get their info via:
23 error     npm owner ls online-rtp-downloader
23 error There is likely additional logging output above.
24 verbose exit [ 1, true ]
